Using pre-set license
Built from '2020.3/staging' branch; Version is '2020.3.16f1 (049d6eca3c44) revision 302446'; Using compiler version '192528614'; Build Type 'Release'
OS: 'Windows 10 Pro; OS build 18363.1256; Version 1909; 64bit' Language: 'en' Physical Memory: 7860 MB
BatchMode: 1, IsHumanControllingUs: 0, StartBugReporterOnCrash: 0, Is64bit: 1, IsPro: 0

 COMMAND LINE ARGUMENTS:
C:\Program Files\Unity\Hub\Editor\2020.3.16f1\Editor\Unity.exe
-adb2
-batchMode
-noUpm
-name
AssetImportWorker0
-projectPath
C:/Users/zouhir/Desktop/wall run
-logFile
Logs/AssetImportWorker0.log
-srvPort
55111
Successfully changed project path to: C:/Users/zouhir/Desktop/wall run
C:/Users/zouhir/Desktop/wall run
Using Asset Import Pipeline V2.
Refreshing native plugins compatible for Editor in 98.80 ms, found 2 plugins.
Preloading 0 native plugins for Editor in 0.00 ms.
Initialize engine version: 2020.3.16f1 (049d6eca3c44)
[Subsystems] Discovering subsystems at path C:/Program Files/Unity/Hub/Editor/2020.3.16f1/Editor/Data/Resources/UnitySubsystems
[Subsystems] Discovering subsystems at path C:/Users/zouhir/Desktop/wall run/Assets
GfxDevice: creating device client; threaded=0
Direct3D:
    Version:  Direct3D 11.0 [level 11.1]
    Renderer: Intel(R) HD Graphics 520 (ID=0x1916)
    Vendor:   
    VRAM:     3930 MB
    Driver:   30.0.101.1338
Initialize mono
Mono path[0] = 'C:/Program Files/Unity/Hub/Editor/2020.3.16f1/Editor/Data/Managed'
Mono path[1] = 'C:/Program Files/Unity/Hub/Editor/2020.3.16f1/Editor/Data/MonoBleedingEdge/lib/mono/unityjit'
Mono config path = 'C:/Program Files/Unity/Hub/Editor/2020.3.16f1/Editor/Data/MonoBleedingEdge/etc'
Using monoOptions --debugger-agent=transport=dt_socket,embedding=1,server=y,suspend=n,address=127.0.0.1:56208
Begin MonoManager ReloadAssembly
Registering precompiled unity dll's ...
Register platform support module: C:/Program Files/Unity/Hub/Editor/2020.3.16f1/Editor/Data/PlaybackEngines/WindowsStandaloneSupport/UnityEditor.WindowsStandalone.Extensions.dll
Registered in 0.002734 seconds.
Native extension for WindowsStandalone target not found
Refreshing native plugins compatible for Editor in 89.16 ms, found 2 plugins.
Preloading 0 native plugins for Editor in 0.00 ms.
Mono: successfully reloaded assembly
- Completed reload, in  3.400 seconds
Domain Reload Profiling:
	ReloadAssembly (3401ms)
		BeginReloadAssembly (81ms)
			ExecutionOrderSort (0ms)
			DisableScriptedObjects (0ms)
			BackupInstance (0ms)
			ReleaseScriptingObjects (0ms)
			CreateAndSetChildDomain (1ms)
		EndReloadAssembly (779ms)
			LoadAssemblies (78ms)
			RebuildTransferFunctionScriptingTraits (0ms)
			SetupTypeCache (229ms)
			ReleaseScriptCaches (0ms)
			RebuildScriptCaches (44ms)
			SetupLoadedEditorAssemblies (300ms)
				LogAssemblyErrors (0ms)
				InitializePlatformSupportModulesInManaged (6ms)
				SetLoadedEditorAssemblies (0ms)
				RefreshPlugins (89ms)
				BeforeProcessingInitializeOnLoad (26ms)
				ProcessInitializeOnLoadAttributes (138ms)
				ProcessInitializeOnLoadMethodAttributes (39ms)
				AfterProcessingInitializeOnLoad (0ms)
				EditorAssembliesLoaded (0ms)
			ExecutionOrderSort2 (0ms)
			AwakeInstancesAfterBackupRestoration (0ms)
Platform modules already initialized, skipping
Registering precompiled user dll's ...
Registered in 0.010356 seconds.
Begin MonoManager ReloadAssembly
Native extension for WindowsStandalone target not found
Refreshing native plugins compatible for Editor in 0.84 ms, found 2 plugins.
Preloading 0 native plugins for Editor in 0.00 ms.
Mono: successfully reloaded assembly
- Completed reload, in  1.661 seconds
Domain Reload Profiling:
	ReloadAssembly (1662ms)
		BeginReloadAssembly (214ms)
			ExecutionOrderSort (0ms)
			DisableScriptedObjects (6ms)
			BackupInstance (0ms)
			ReleaseScriptingObjects (0ms)
			CreateAndSetChildDomain (25ms)
		EndReloadAssembly (1350ms)
			LoadAssemblies (129ms)
			RebuildTransferFunctionScriptingTraits (0ms)
			SetupTypeCache (401ms)
			ReleaseScriptCaches (0ms)
			RebuildScriptCaches (62ms)
			SetupLoadedEditorAssemblies (628ms)
				LogAssemblyErrors (0ms)
				InitializePlatformSupportModulesInManaged (6ms)
				SetLoadedEditorAssemblies (1ms)
				RefreshPlugins (1ms)
				BeforeProcessingInitializeOnLoad (111ms)
				ProcessInitializeOnLoadAttributes (494ms)
				ProcessInitializeOnLoadMethodAttributes (6ms)
				AfterProcessingInitializeOnLoad (9ms)
				EditorAssembliesLoaded (0ms)
			ExecutionOrderSort2 (0ms)
			AwakeInstancesAfterBackupRestoration (11ms)
Platform modules already initialized, skipping
========================================================================
Worker process is ready to serve import requests
Launched and connected shader compiler UnityShaderCompiler.exe after 0.20 seconds
Refreshing native plugins compatible for Editor in 0.91 ms, found 2 plugins.
Preloading 0 native plugins for Editor in 0.00 ms.
Unloading 1424 Unused Serialized files (Serialized files now loaded: 0)
System memory in use before: 73.5 MB.
System memory in use after: 73.6 MB.

Unloading 25 unused Assets to reduce memory usage. Loaded Objects now: 1882.
Total: 5.442800 ms (FindLiveObjects: 0.346900 ms CreateObjectMapping: 0.135900 ms MarkObjects: 4.779400 ms  DeleteObjects: 0.178900 ms)

AssetImportParameters requested are different than current active one (requested -> active):
  custom:framework-win-MediaFoundation: 216162199b28c13a410421893ffa2e32 -> 
  custom:video-decoder-ogg-theora: a1e56fd34408186e4bbccfd4996cb3dc -> 
  custom:container-muxer-webm: aa71ff27fc2769a1b78a27578f13a17b -> 
  custom:container-demuxer-webm: 4f35f7cbe854078d1ac9338744f61a02 -> 
  custom:container-demuxer-ogg: 62fdf1f143b41e24485cea50d1cbac27 -> 
  custom:video-encoder-webm-vp8: eb34c28f22e8b96e1ab97ce403110664 -> 
  custom:video-decoder-webm-vp8: 9c59270c3fd7afecdb556c50c9e8de78 -> 
  custom:audio-decoder-ogg-vorbis: bf7c407c2cedff20999df2af8eb42d56 -> 
  custom:audio-encoder-webm-vorbis: bf7c407c2cedff20999df2af8eb42d56 -> 
========================================================================
Received Import Request.
  path: Assets/Lowpoly Style/ForestPack/WaterfallParticles/[PARTICLES].prefab
  artifactKey: Guid(b17f2db2771ae5144abadb39ec235d61) Importer(815301076,1909f56bfc062723c751e8b465ee728b)
Start importing Assets/Lowpoly Style/ForestPack/WaterfallParticles/[PARTICLES].prefab using Guid(b17f2db2771ae5144abadb39ec235d61) Importer(815301076,1909f56bfc062723c751e8b465ee728b)  -> (artifact id: 'd9250f4cf6d5126cfa733da5ce85e527') in 2.004573 seconds 
  Import took 2.042234 seconds .

========================================================================
Received Import Request.
  Time since last request: 0.000509 seconds.
  path: Assets/Lowpoly Style/Asia/Prefabs/Items/Barrel.prefab
  artifactKey: Guid(e282bffcfd28bef43aff575d791705d0) Importer(815301076,1909f56bfc062723c751e8b465ee728b)
Start importing Assets/Lowpoly Style/Asia/Prefabs/Items/Barrel.prefab using Guid(e282bffcfd28bef43aff575d791705d0) Importer(815301076,1909f56bfc062723c751e8b465ee728b)  -> (artifact id: 'd6bb273a3dd410dfdef94ab5534b6d45') in 0.370379 seconds 
  Import took 0.403448 seconds .

========================================================================
Received Import Request.
  Time since last request: 0.000296 seconds.
  path: Assets/HYPEPOLY - Runner Pack Standart/Prefabs/Traps/Arrow_0_0.prefab
  artifactKey: Guid(688312ee304b5564385a91484ca925e0) Importer(815301076,1909f56bfc062723c751e8b465ee728b)
Start importing Assets/HYPEPOLY - Runner Pack Standart/Prefabs/Traps/Arrow_0_0.prefab using Guid(688312ee304b5564385a91484ca925e0) Importer(815301076,1909f56bfc062723c751e8b465ee728b)  -> (artifact id: 'ea4ea5dfc6abc1232f7c16d57cf7212b') in 0.431903 seconds 
  Import took 0.734221 seconds .

========================================================================
Received Import Request.
  Time since last request: 0.000270 seconds.
  path: Assets/Lowpoly Style/Tropical Islands/DemoScene/TropicalIslands_Demo.unity
  artifactKey: Guid(c6e962c8d76318a4e905c834746358a9) Importer(815301076,1909f56bfc062723c751e8b465ee728b)
Start importing Assets/Lowpoly Style/Tropical Islands/DemoScene/TropicalIslands_Demo.unity using Guid(c6e962c8d76318a4e905c834746358a9) Importer(815301076,1909f56bfc062723c751e8b465ee728b)  -> (artifact id: '587781b53f7557ab0dc01336c64e105c') in 0.065657 seconds 
  Import took 0.127026 seconds .

========================================================================
Received Import Request.
  Time since last request: 0.000350 seconds.
  path: Assets/Polylised - Medieval Desert City/Prefabs/prefab_civilian_buildings/balcony_3.prefab
  artifactKey: Guid(473dc35e42dda5641bd3241cece97eea) Importer(815301076,1909f56bfc062723c751e8b465ee728b)
Start importing Assets/Polylised - Medieval Desert City/Prefabs/prefab_civilian_buildings/balcony_3.prefab using Guid(473dc35e42dda5641bd3241cece97eea) Importer(815301076,1909f56bfc062723c751e8b465ee728b)  -> (artifact id: 'f3c90a48b24f33ebfcd4166e3d5069f1') in 0.347412 seconds 
  Import took 0.396239 seconds .

========================================================================
Received Import Request.
  Time since last request: 0.000376 seconds.
  path: Assets/Lowpoly Style/Arctic Tundra/DemoScene/Tundra.unity
  artifactKey: Guid(699c96d0853e355418296dc8f68cff68) Importer(815301076,1909f56bfc062723c751e8b465ee728b)
Start importing Assets/Lowpoly Style/Arctic Tundra/DemoScene/Tundra.unity using Guid(699c96d0853e355418296dc8f68cff68) Importer(815301076,1909f56bfc062723c751e8b465ee728b)  -> (artifact id: '4f3d34e519732913da4c87afba870cc9') in 0.148596 seconds 
  Import took 0.248975 seconds .

========================================================================
Received Import Request.
  Time since last request: 0.000350 seconds.
  path: Assets/Lowpoly Style/Tropical Islands/Prefabs/AgaveLow.prefab
  artifactKey: Guid(222ddc03b1218f94b8023949e7775072) Importer(815301076,1909f56bfc062723c751e8b465ee728b)
Start importing Assets/Lowpoly Style/Tropical Islands/Prefabs/AgaveLow.prefab using Guid(222ddc03b1218f94b8023949e7775072) Importer(815301076,1909f56bfc062723c751e8b465ee728b)  -> (artifact id: 'b77c720f18647308466b6b5b345c3692') in 0.289869 seconds 
  Import took 0.351328 seconds .

========================================================================
Received Import Request.
  Time since last request: 0.000377 seconds.
  path: Assets/Lowpoly Style/Asia/Prefabs/Items/Anvil.prefab
  artifactKey: Guid(bcbdaca9e1101074496c8b0cad3771ca) Importer(815301076,1909f56bfc062723c751e8b465ee728b)
Start importing Assets/Lowpoly Style/Asia/Prefabs/Items/Anvil.prefab using Guid(bcbdaca9e1101074496c8b0cad3771ca) Importer(815301076,1909f56bfc062723c751e8b465ee728b)  -> (artifact id: 'd0c892b01df1b19b8042c8085b067b51') in 0.472266 seconds 
  Import took 0.812309 seconds .

========================================================================
Received Import Request.
  Time since last request: 0.000309 seconds.
  path: Assets/Lowpoly Style/Asia/Prefabs/Plants/AsiaTree1.prefab
  artifactKey: Guid(faf7d86a383ac194cab81f8a86383808) Importer(815301076,1909f56bfc062723c751e8b465ee728b)
Start importing Assets/Lowpoly Style/Asia/Prefabs/Plants/AsiaTree1.prefab using Guid(faf7d86a383ac194cab81f8a86383808) Importer(815301076,1909f56bfc062723c751e8b465ee728b)  -> (artifact id: 'e17faddac63580012c1ce1d4aa429a70') in 0.803651 seconds 
  Import took 0.977552 seconds .

========================================================================
Received Import Request.
  Time since last request: 0.000366 seconds.
  path: Assets/Polylised - Medieval Desert City/Prefabs/prefab_props/barrel.prefab
  artifactKey: Guid(55eac99f5049e5045a42f2528f476504) Importer(815301076,1909f56bfc062723c751e8b465ee728b)
Start importing Assets/Polylised - Medieval Desert City/Prefabs/prefab_props/barrel.prefab using Guid(55eac99f5049e5045a42f2528f476504) Importer(815301076,1909f56bfc062723c751e8b465ee728b)  -> (artifact id: '2b551e0bfb2b0223d50ad92121671dc7') in 0.557212 seconds 
  Import took 0.641903 seconds .

========================================================================
Received Import Request.
  Time since last request: 0.000385 seconds.
  path: Assets/Polylised - Medieval Desert City/Prefabs/prefab_civilian_buildings/balcony_2.prefab
  artifactKey: Guid(d9994290a3429744c9b00201ba123d54) Importer(815301076,1909f56bfc062723c751e8b465ee728b)
Start importing Assets/Polylised - Medieval Desert City/Prefabs/prefab_civilian_buildings/balcony_2.prefab using Guid(d9994290a3429744c9b00201ba123d54) Importer(815301076,1909f56bfc062723c751e8b465ee728b)  -> (artifact id: 'fefc26a24e6dc267694e68726c09ebd7') in 0.582164 seconds 
  Import took 0.654737 seconds .

========================================================================
Received Import Request.
  Time since last request: 0.002050 seconds.
  path: Assets/Polylised - Medieval Desert City/Prefabs/prefab_props/banner.prefab
  artifactKey: Guid(195ee2530fc763341a03f3df4b50ed56) Importer(815301076,1909f56bfc062723c751e8b465ee728b)
Start importing Assets/Polylised - Medieval Desert City/Prefabs/prefab_props/banner.prefab using Guid(195ee2530fc763341a03f3df4b50ed56) Importer(815301076,1909f56bfc062723c751e8b465ee728b)  -> (artifact id: '260c04885257aa947e20a20575235265') in 0.269954 seconds 
  Import took 0.312703 seconds .

========================================================================
Received Import Request.
  Time since last request: 0.000853 seconds.
  path: Assets/HYPEPOLY - Runner Pack Standart/Prefabs/Traps/Arrow_1_0.prefab
  artifactKey: Guid(ca0331b97959a8d40b40f1cc8e66ddd3) Importer(815301076,1909f56bfc062723c751e8b465ee728b)
Start importing Assets/HYPEPOLY - Runner Pack Standart/Prefabs/Traps/Arrow_1_0.prefab using Guid(ca0331b97959a8d40b40f1cc8e66ddd3) Importer(815301076,1909f56bfc062723c751e8b465ee728b)  -> (artifact id: '21071fa1406241a3fd51fb410f8ce5cf') in 0.480837 seconds 
  Import took 0.772181 seconds .

========================================================================
Received Import Request.
  Time since last request: 0.000291 seconds.
  path: Assets/Procedural Worlds/GeNa/Asset Samples/Script Examples/Prefabs/Objects/Advanced Cube.prefab
  artifactKey: Guid(887faa1dc11d3454caacb05fc1c500ea) Importer(815301076,1909f56bfc062723c751e8b465ee728b)
Start importing Assets/Procedural Worlds/GeNa/Asset Samples/Script Examples/Prefabs/Objects/Advanced Cube.prefab using Guid(887faa1dc11d3454caacb05fc1c500ea) Importer(815301076,1909f56bfc062723c751e8b465ee728b)  -> (artifact id: 'bce2c6c29393efd39498e4cb10dafbf6') in 0.198915 seconds 
  Import took 0.214560 seconds .

========================================================================
Received Import Request.
  Time since last request: 0.000351 seconds.
  path: Assets/Polylised - Medieval Desert City/Prefabs/prefab_civilian_buildings/balcony_1.prefab
  artifactKey: Guid(c38d9ad2091ce564cb30a5a72e673544) Importer(815301076,1909f56bfc062723c751e8b465ee728b)
Start importing Assets/Polylised - Medieval Desert City/Prefabs/prefab_civilian_buildings/balcony_1.prefab using Guid(c38d9ad2091ce564cb30a5a72e673544) Importer(815301076,1909f56bfc062723c751e8b465ee728b)  -> (artifact id: 'f96e4da7bb4c43e7a8c13a3e4679ce0c') in 0.413657 seconds 
  Import took 0.514570 seconds .

========================================================================
Received Import Request.
  Time since last request: 72.081603 seconds.
  path: Assets/animation/New Animator Controller.controller
  artifactKey: Guid(3929c9cec7e59654a9ee4d3ae8e5bb27) Importer(815301076,1909f56bfc062723c751e8b465ee728b)
Start importing Assets/animation/New Animator Controller.controller using Guid(3929c9cec7e59654a9ee4d3ae8e5bb27) Importer(815301076,1909f56bfc062723c751e8b465ee728b)  -> (artifact id: '4e3ac747a1ef1b4f67ad37fe823a4d2b') in 0.077853 seconds 
  Import took 0.138811 seconds .

========================================================================
Received Prepare
Registering precompiled user dll's ...
Registered in 0.025841 seconds.
Begin MonoManager ReloadAssembly
Native extension for WindowsStandalone target not found
Refreshing native plugins compatible for Editor in 0.96 ms, found 2 plugins.
Preloading 0 native plugins for Editor in 0.00 ms.
Mono: successfully reloaded assembly
- Completed reload, in  1.705 seconds
Domain Reload Profiling:
	ReloadAssembly (1705ms)
		BeginReloadAssembly (147ms)
			ExecutionOrderSort (0ms)
			DisableScriptedObjects (6ms)
			BackupInstance (0ms)
			ReleaseScriptingObjects (0ms)
			CreateAndSetChildDomain (47ms)
		EndReloadAssembly (1451ms)
			LoadAssemblies (138ms)
			RebuildTransferFunctionScriptingTraits (0ms)
			SetupTypeCache (395ms)
			ReleaseScriptCaches (1ms)
			RebuildScriptCaches (49ms)
			SetupLoadedEditorAssemblies (723ms)
				LogAssemblyErrors (0ms)
				InitializePlatformSupportModulesInManaged (7ms)
				SetLoadedEditorAssemblies (1ms)
				RefreshPlugins (1ms)
				BeforeProcessingInitializeOnLoad (104ms)
				ProcessInitializeOnLoadAttributes (594ms)
				ProcessInitializeOnLoadMethodAttributes (6ms)
				AfterProcessingInitializeOnLoad (11ms)
				EditorAssembliesLoaded (0ms)
			ExecutionOrderSort2 (0ms)
			AwakeInstancesAfterBackupRestoration (10ms)
Platform modules already initialized, skipping
Switching build target platform(19) subTarget(0) extendedPlatform(0) -> platform(13) subTarget(537395200) extendedPlatform(0)
Refreshing native plugins compatible for Editor in 0.85 ms, found 2 plugins.
Preloading 0 native plugins for Editor in 0.00 ms.
Unloading 1414 Unused Serialized files (Serialized files now loaded: 0)
System memory in use before: 75.8 MB.
System memory in use after: 75.9 MB.

Unloading 22 unused Assets to reduce memory usage. Loaded Objects now: 1893.
Total: 4.712500 ms (FindLiveObjects: 0.229400 ms CreateObjectMapping: 0.055300 ms MarkObjects: 4.296300 ms  DeleteObjects: 0.130000 ms)

AssetImportParameters requested are different than current active one (requested -> active):
  custom:framework-win-MediaFoundation: 216162199b28c13a410421893ffa2e32 -> 
  custom:video-decoder-ogg-theora: a1e56fd34408186e4bbccfd4996cb3dc -> 
  custom:container-muxer-webm: aa71ff27fc2769a1b78a27578f13a17b -> 
  custom:container-demuxer-webm: 4f35f7cbe854078d1ac9338744f61a02 -> 
  custom:container-demuxer-ogg: 62fdf1f143b41e24485cea50d1cbac27 -> 
  custom:video-encoder-webm-vp8: eb34c28f22e8b96e1ab97ce403110664 -> 
  custom:video-decoder-webm-vp8: 9c59270c3fd7afecdb556c50c9e8de78 -> 
  custom:graphics/normal-map-encoding: 01000000000000000000000000000000 -> 02000000000000000000000000000000
  custom:audio-decoder-ogg-vorbis: bf7c407c2cedff20999df2af8eb42d56 -> 
  custom:audio-encoder-webm-vorbis: bf7c407c2cedff20999df2af8eb42d56 -> 
AssetImportWorkerClient::OnTransportError - code=2 error=End of file
